<?xml version="1.0" encoding="UTF-8"?>
<testsuite xmlns:xsi="http://www.w3.org/2001/XMLSchema-instance" xsi:noNamespaceSchemaLocation="https://maven.apache.org/surefire/maven-surefire-plugin/xsd/surefire-test-report.xsd" name="SFTPClient.SFTPConnectTest" time="0.655" tests="1" errors="0" skipped="0" failures="0">
  <properties>
    <property name="awt.toolkit" value="sun.lwawt.macosx.LWCToolkit"/>
    <property name="java.specification.version" value="12"/>
    <property name="sun.jnu.encoding" value="UTF-8"/>
    <property name="java.class.path" value="/Users/aidanwolfe/Documents/Grad School/Summer2019/Agile/ftp_client_server/target/test-classes:/Users/aidanwolfe/Documents/Grad School/Summer2019/Agile/ftp_client_server/target/classes:/Users/aidanwolfe/.m2/repository/com/jcraft/jsch/0.1.55/jsch-0.1.55.jar:/Users/aidanwolfe/.m2/repository/junit/junit/4.11/junit-4.11.jar:/Users/aidanwolfe/.m2/repository/org/hamcrest/hamcrest-core/1.3/hamcrest-core-1.3.jar:/Users/aidanwolfe/.m2/repository/commons-net/commons-net/3.6/commons-net-3.6.jar:"/>
    <property name="java.vm.vendor" value="Oracle Corporation"/>
    <property name="sun.arch.data.model" value="64"/>
    <property name="java.vendor.url" value="https://java.oracle.com/"/>
    <property name="os.name" value="Mac OS X"/>
    <property name="java.vm.specification.version" value="12"/>
    <property name="sun.java.launcher" value="SUN_STANDARD"/>
    <property name="user.country" value="US"/>
    <property name="sun.boot.library.path" value="/Library/Java/JavaVirtualMachines/jdk-12.0.1.jdk/Contents/Home/lib"/>
    <property name="sun.java.command" value="/Users/aidanwolfe/Documents/Grad School/Summer2019/Agile/ftp_client_server/target/surefire/surefirebooter11313197232819602961.jar /Users/aidanwolfe/Documents/Grad School/Summer2019/Agile/ftp_client_server/target/surefire 2019-07-23T15-23-44_226-jvmRun1 surefire17995550927935938082tmp surefire_07893615152888087860tmp"/>
    <property name="http.nonProxyHosts" value="local|*.local|169.254/16|*.169.254/16"/>
    <property name="jdk.debug" value="release"/>
    <property name="surefire.test.class.path" value="/Users/aidanwolfe/Documents/Grad School/Summer2019/Agile/ftp_client_server/target/test-classes:/Users/aidanwolfe/Documents/Grad School/Summer2019/Agile/ftp_client_server/target/classes:/Users/aidanwolfe/.m2/repository/com/jcraft/jsch/0.1.55/jsch-0.1.55.jar:/Users/aidanwolfe/.m2/repository/junit/junit/4.11/junit-4.11.jar:/Users/aidanwolfe/.m2/repository/org/hamcrest/hamcrest-core/1.3/hamcrest-core-1.3.jar:/Users/aidanwolfe/.m2/repository/commons-net/commons-net/3.6/commons-net-3.6.jar:"/>
    <property name="sun.cpu.endian" value="little"/>
    <property name="user.home" value="/Users/aidanwolfe"/>
    <property name="user.language" value="en"/>
    <property name="java.specification.vendor" value="Oracle Corporation"/>
    <property name="java.version.date" value="2019-04-16"/>
    <property name="java.home" value="/Library/Java/JavaVirtualMachines/jdk-12.0.1.jdk/Contents/Home"/>
    <property name="file.separator" value="/"/>
    <property name="basedir" value="/Users/aidanwolfe/Documents/Grad School/Summer2019/Agile/ftp_client_server"/>
    <property name="java.vm.compressedOopsMode" value="Zero based"/>
    <property name="line.separator" value="&#10;"/>
    <property name="java.specification.name" value="Java Platform API Specification"/>
    <property name="java.vm.specification.vendor" value="Oracle Corporation"/>
    <property name="java.awt.graphicsenv" value="sun.awt.CGraphicsEnvironment"/>
    <property name="surefire.real.class.path" value="/Users/aidanwolfe/Documents/Grad School/Summer2019/Agile/ftp_client_server/target/surefire/surefirebooter11313197232819602961.jar"/>
    <property name="sun.management.compiler" value="HotSpot 64-Bit Tiered Compilers"/>
    <property name="ftp.nonProxyHosts" value="local|*.local|169.254/16|*.169.254/16"/>
    <property name="java.runtime.version" value="12.0.1+12"/>
    <property name="user.name" value="aidanwolfe"/>
    <property name="path.separator" value=":"/>
    <property name="os.version" value="10.14.5"/>
    <property name="java.runtime.name" value="Java(TM) SE Runtime Environment"/>
    <property name="file.encoding" value="UTF-8"/>
    <property name="java.vm.name" value="Java HotSpot(TM) 64-Bit Server VM"/>
    <property name="localRepository" value="/Users/aidanwolfe/.m2/repository"/>
    <property name="java.vendor.url.bug" value="https://bugreport.java.com/bugreport/"/>
    <property name="java.io.tmpdir" value="/var/folders/cv/7cvtfh0d4jz5_1tl981jklbw0000gn/T/"/>
    <property name="java.version" value="12.0.1"/>
    <property name="user.dir" value="/Users/aidanwolfe/Documents/Grad School/Summer2019/Agile/ftp_client_server"/>
    <property name="os.arch" value="x86_64"/>
    <property name="java.vm.specification.name" value="Java Virtual Machine Specification"/>
    <property name="java.library.path" value="/Users/aidanwolfe/Library/Java/Extensions:/Library/Java/Extensions:/Network/Library/Java/Extensions:/System/Library/Java/Extensions:/usr/lib/java:."/>
    <property name="java.vm.info" value="mixed mode, sharing"/>
    <property name="java.vendor" value="Oracle Corporation"/>
    <property name="java.vm.version" value="12.0.1+12"/>
    <property name="sun.io.unicode.encoding" value="UnicodeBig"/>
    <property name="socksNonProxyHosts" value="local|*.local|169.254/16|*.169.254/16"/>
    <property name="java.class.version" value="56.0"/>
  </properties>
  <testcase name="testConnection" classname="SFTPClient.SFTPConnectTest" time="0.654"/>
</testsuite>